ERROR BAD URL
ERROR BAD URL
ERROR BAD URL
ERROR BAD URL
SELECT * FROM table;
Opened database successfully
0
near "table": syntax errorSELECT * FROM bambo;
Opened database successfully
Success
0
Row : 0
Row : 1
SELECT * FROM bambo;
Opened database successfully
Success
0
Row : 0
Row : 1
ERROR BAD URL
ERROR BAD URL
ERROR BAD URL
ERROR BAD URL
ERROR BAD URL
ERROR BAD URL
ERROR BAD URL
a server is already running! You can still restart it with ./restsqlrc restart
a server is already running! You can still restart it with ./restsqlrc restart
a server is already running! You can still restart it with ./restsqlrc restart
a server is already running! You can still restart it with ./restsqlrc restart
SELECT * FROM bambo WHERE ID = 1;
Opened database successfully
Success
0
Row : 0
SELECT * FROM bambo WHERE ID = 1;
Opened database successfully
Success
0
Row : 0
ERROR BAD URL
ERROR BAD URL
ERROR BAD URL
ERROR BAD URL
ERROR BAD URL
ERROR BAD URL
SELECT * FROM l;
Opened database successfully
0
no such table: lERROR BAD URL
ERROR BAD URL
ERROR BAD URL
ERROR BAD URL
SELECT * FROM bambo;
Opened database successfully
Success
0
Row : 0
Row : 1
ERROR BAD URL
ERROR BAD URL
ERROR BAD URL
SELECT * FROM bambo;
Opened database successfully
Success
0
Row : 0
Row : 1
SELECT * FROM l;
Opened database successfully
0
no such table: lERROR BAD URL
ERROR BAD URL
ERROR BAD URL
ERROR BAD URL
ERROR BAD URL
ERROR BAD URL
SELECT * FROM lol;
Opened database successfully
Success
0
SELECT * FROM lol;
Opened database successfully
Success
0
SELECT * FROM lol;
Opened database successfully
Success
0
SELECT * FROM lol;
Opened database successfully
Success
0
SELECT * FROM table;
Opened database successfully
0
near "table": syntax errorSELECT * FROM hehe;
Opened database successfully
0
no such table: heheSELECT * FROM table;
Opened database successfully
0
near "table": syntax errorSELECT * FROM table WHERE ID = 1;
Opened database successfully
0
near "table": syntax errorSELECT * FROM books;
Opened database successfully
Success
0
Row : 0
Row : 1
Row : 2
Row : 3
SELECT * FROM books WHERE ID = 1;
Opened database successfully
Success
0
Row : 0
SELECT * FROM lol;
Opened database successfully
Success
0
SELECT * FROM lol;
Opened database successfully
Success
0
SELECT * FROM books WHERE ID = 1;
Opened database successfully
Success
0
Row : 0
SELECT * FROM books WHERE ID = 1;
Opened database successfully
Success
0
Row : 0
SELECT * FROM lp;
Opened database successfully
0
no such table: lpSELECT * FROM table;
Opened database successfully
0
near "table": syntax errorSELECT * FROM books WHERE ID = 1;
Opened database successfully
Success
0
Opened database successfully
0
error is :no such column: haha
no such column: hahaSELECT * FROM books WHERE ID = 1;
Opened database successfully
Success
0
Opened database successfully
0
error is :no such column: haha
no such column: hahaSELECT * FROM books WHERE ID = 1;
Opened database successfully
Success
0
Opened database successfully
0
error is :no such column: haha
no such column: hahaSELECT * FROM books WHERE ID = 1;
Opened database successfully
Success
0
Opened database successfully
0
error is :no such column: haha
no such column: hahaSELECT * FROM books WHERE ID = 1;
Opened database successfully
Success
0
Opened database successfully
0
error is :no such column: haha
no such column: hahaSELECT * FROM lol WHERE ID = 1;
Opened database successfully
Success
0
No row to update
SELECT * FROM lol WHERE ID = 5;
Opened database successfully
Success
0
No row to update
SELECT * FROM books WHERE ID = 1;
Opened database successfully
Success
0
Opened database successfully
0
error is :no such column: haha
no such column: hahaSELECT * FROM books;
Opened database successfully
Success
0
Row : 0
Row : 1
Row : 2
Row : 3
SELECT * FROM books WHERE ID = 2;
Opened database successfully
Success
0
Failed to parse configuration
* Line 3, Column 5
  Missing ',' or '}' in object declaration
SELECT * FROM books WHERE ID = 2;
Opened database successfully
Success
0
Opened database successfully
Success
0
error is :
